# JRE version: Java(TM) SE Runtime Environment (21.0.1+12) (build 21.0.1+12-LTS-29)
# Java VM: Java HotSpot(TM) 64-Bit Server VM (21.0.1+12-LTS-29, mixed mode, emulated-client, sharing, tiered, compressed oops, compressed class ptrs, g1 gc, windows-amd64)
GC Precious Log:
 CardTable entry size: 512
 Card Set container configuration: InlinePtr #cards 4 size 8 Array Of Cards #cards 64 size 144 Howl #buckets 8 coarsen threshold 14745 Howl Bitmap #cards 2048 size 272 coarsen threshold 1843 Card regions per heap region 1 cards per card region 16384
 CPUs: 32 total, 32 available
 Memory: 65343M
 Large Page Support: Disabled
 NUMA Support: Disabled
 Compressed Oops: Enabled (Zero based)
 Heap Region Size: 8M
 Heap Min Capacity: 8M
 Heap Initial Capacity: 1G
 Heap Max Capacity: 16336M
 Pre-touch: Disabled
 Parallel Workers: 23
 Concurrent Workers: 6
 Concurrent Refinement Workers: 23
 Periodic GC: Disabled
Heap:
 garbage-first heap   total 81920K, used 34263K [0x0000000403000000, 0x0000000800000000)
  region size 8192K, 3 young (24576K), 1 survivors (8192K)
 Metaspace       used 44132K, committed 44992K, reserved 1114112K
  class space    used 5892K, committed 6272K, reserved 1048576K
GC Heap History (14 events):
Event: 0.505 GC heap before
{Heap before GC invocations=0 (full 0):
 garbage-first heap   total 1048576K, used 49152K [0x0000000403000000, 0x0000000800000000)
  region size 8192K, 6 young (49152K), 0 survivors (0K)
 Metaspace       used 9543K, committed 9792K, reserved 1114112K
  class space    used 1214K, committed 1344K, reserved 1048576K
}
Event: 0.511 GC heap after
{Heap after GC invocations=1 (full 0):
 garbage-first heap   total 1048576K, used 7740K [0x0000000403000000, 0x0000000800000000)
  region size 8192K, 1 young (8192K), 1 survivors (8192K)
 Metaspace       used 9543K, committed 9792K, reserved 1114112K
  class space    used 1214K, committed 1344K, reserved 1048576K
}
Event: 0.578 GC heap before
{Heap before GC invocations=1 (full 0):
 garbage-first heap   total 1048576K, used 15932K [0x0000000403000000, 0x0000000800000000)
  region size 8192K, 3 young (24576K), 1 survivors (8192K)
 Metaspace       used 10801K, committed 11072K, reserved 1114112K
  class space    used 1422K, committed 1536K, reserved 1048576K
}
Event: 0.582 GC heap after
{Heap after GC invocations=2 (full 0):
 garbage-first heap   total 1048576K, used 8021K [0x0000000403000000, 0x0000000800000000)
  region size 8192K, 1 young (8192K), 1 survivors (8192K)
 Metaspace       used 10801K, committed 11072K, reserved 1114112K
  class space    used 1422K, committed 1536K, reserved 1048576K
}
Event: 0.882 GC heap before
{Heap before GC invocations=3 (full 0):
 garbage-first heap   total 81920K, used 57173K [0x0000000403000000, 0x0000000800000000)
  region size 8192K, 8 young (65536K), 1 survivors (8192K)
 Metaspace       used 21105K, committed 21504K, reserved 1114112K
  class space    used 2848K, committed 3008K, reserved 1048576K
}
Event: 0.884 GC heap after
{Heap after GC invocations=4 (full 0):
 garbage-first heap   total 81920K, used 11430K [0x0000000403000000, 0x0000000800000000)
  region size 8192K, 1 young (8192K), 1 survivors (8192K)
 Metaspace       used 21105K, committed 21504K, reserved 1114112K
  class space    used 2848K, committed 3008K, reserved 1048576K
}
Event: 1.127 GC heap before
{Heap before GC invocations=5 (full 0):
 garbage-first heap   total 81920K, used 52390K [0x0000000403000000, 0x0000000800000000)
  region size 8192K, 6 young (49152K), 1 survivors (8192K)
 Metaspace       used 23857K, committed 24320K, reserved 1114112K
  class space    used 3226K, committed 3456K, reserved 1048576K
}
Event: 1.129 GC heap after
{Heap after GC invocations=6 (full 0):
 garbage-first heap   total 81920K, used 14304K [0x0000000403000000, 0x0000000800000000)
  region size 8192K, 1 young (8192K), 1 survivors (8192K)
 Metaspace       used 23857K, committed 24320K, reserved 1114112K
  class space    used 3226K, committed 3456K, reserved 1048576K
}
Event: 1.460 GC heap before
{Heap before GC invocations=6 (full 0):
 garbage-first heap   total 81920K, used 55264K [0x0000000403000000, 0x0000000800000000)
  region size 8192K, 6 young (49152K), 1 survivors (8192K)
 Metaspace       used 30427K, committed 30976K, reserved 1114112K
  class space    used 4138K, committed 4416K, reserved 1048576K
}
Event: 1.464 GC heap after
{Heap after GC invocations=7 (full 0):
 garbage-first heap   total 81920K, used 17417K [0x0000000403000000, 0x0000000800000000)
  region size 8192K, 1 young (8192K), 1 survivors (8192K)
 Metaspace       used 30427K, committed 30976K, reserved 1114112K
  class space    used 4138K, committed 4416K, reserved 1048576K
}
Event: 1.783 GC heap before
{Heap before GC invocations=7 (full 0):
 garbage-first heap   total 81920K, used 50185K [0x0000000403000000, 0x0000000800000000)
  region size 8192K, 6 young (49152K), 1 survivors (8192K)
 Metaspace       used 35519K, committed 36096K, reserved 1114112K
  class space    used 4697K, committed 4992K, reserved 1048576K
}
Event: 1.787 GC heap after
{Heap after GC invocations=8 (full 0):
 garbage-first heap   total 81920K, used 21313K [0x0000000403000000, 0x0000000800000000)
  region size 8192K, 1 young (8192K), 1 survivors (8192K)
 Metaspace       used 35519K, committed 36096K, reserved 1114112K
  class space    used 4697K, committed 4992K, reserved 1048576K
}
Event: 2.378 GC heap before
{Heap before GC invocations=9 (full 0):
 garbage-first heap   total 81920K, used 62273K [0x0000000403000000, 0x0000000800000000)
  region size 8192K, 6 young (49152K), 1 survivors (8192K)
 Metaspace       used 41719K, committed 42496K, reserved 1114112K
  class space    used 5581K, committed 5952K, reserved 1048576K
}
Event: 2.383 GC heap after
{Heap after GC invocations=10 (full 0):
 garbage-first heap   total 81920K, used 26071K [0x0000000403000000, 0x0000000800000000)
  region size 8192K, 1 young (8192K), 1 survivors (8192K)
 Metaspace       used 41719K, committed 42496K, reserved 1114112K
  class space    used 5581K, committed 5952K, reserved 1048576K
}

