# JRE version: Java(TM) SE Runtime Environment (17.0.5+9) (build 17.0.5+9-LTS-191)
# Java VM: Java HotSpot(TM) 64-Bit Server VM (17.0.5+9-LTS-191, mixed mode, emulated-client, sharing, tiered, compressed oops, compressed class ptrs, g1 gc, windows-amd64)
GC Precious Log:
 CPUs: 32 total, 32 available
 Memory: 65343M
 Large Page Support: Disabled
 NUMA Support: Disabled
 Compressed Oops: Enabled (Zero based)
 Heap Region Size: 8M
 Heap Min Capacity: 8M
 Heap Initial Capacity: 1G
 Heap Max Capacity: 16336M
 Pre-touch: Disabled
 Parallel Workers: 23
 Concurrent Workers: 6
 Concurrent Refinement Workers: 23
 Periodic GC: Disabled
Heap:
 garbage-first heap   total 81920K, used 38469K [0x0000000403000000, 0x0000000800000000)
  region size 8192K, 3 young (24576K), 1 survivors (8192K)
 Metaspace       used 48807K, committed 49408K, reserved 1097728K
  class space    used 6564K, committed 6848K, reserved 1048576K
GC Heap History (18 events):
Event: 0.509 GC heap before
{Heap before GC invocations=0 (full 0):
 garbage-first heap   total 1048576K, used 49152K [0x0000000403000000, 0x0000000800000000)
  region size 8192K, 6 young (49152K), 0 survivors (0K)
 Metaspace       used 9317K, committed 9600K, reserved 1064960K
  class space    used 1235K, committed 1344K, reserved 1048576K
}
Event: 0.514 GC heap after
{Heap after GC invocations=1 (full 0):
 garbage-first heap   total 1048576K, used 7559K [0x0000000403000000, 0x0000000800000000)
  region size 8192K, 1 young (8192K), 1 survivors (8192K)
 Metaspace       used 9317K, committed 9600K, reserved 1064960K
  class space    used 1235K, committed 1344K, reserved 1048576K
}
Event: 0.780 GC heap before
{Heap before GC invocations=1 (full 0):
 garbage-first heap   total 1048576K, used 48519K [0x0000000403000000, 0x0000000800000000)
  region size 8192K, 6 young (49152K), 1 survivors (8192K)
 Metaspace       used 17213K, committed 17536K, reserved 1064960K
  class space    used 2336K, committed 2496K, reserved 1048576K
}
Event: 0.784 GC heap after
{Heap after GC invocations=2 (full 0):
 garbage-first heap   total 1048576K, used 10434K [0x0000000403000000, 0x0000000800000000)
  region size 8192K, 1 young (8192K), 1 survivors (8192K)
 Metaspace       used 17213K, committed 17536K, reserved 1064960K
  class space    used 2336K, committed 2496K, reserved 1048576K
}
Event: 0.938 GC heap before
{Heap before GC invocations=2 (full 0):
 garbage-first heap   total 1048576K, used 43202K [0x0000000403000000, 0x0000000800000000)
  region size 8192K, 6 young (49152K), 1 survivors (8192K)
 Metaspace       used 21220K, committed 21504K, reserved 1073152K
  class space    used 2919K, committed 3072K, reserved 1048576K
}
Event: 0.940 GC heap after
{Heap after GC invocations=3 (full 0):
 garbage-first heap   total 1048576K, used 12702K [0x0000000403000000, 0x0000000800000000)
  region size 8192K, 1 young (8192K), 1 survivors (8192K)
 Metaspace       used 21220K, committed 21504K, reserved 1073152K
  class space    used 2919K, committed 3072K, reserved 1048576K
}
Event: 1.185 GC heap before
{Heap before GC invocations=4 (full 0):
 garbage-first heap   total 81920K, used 53662K [0x0000000403000000, 0x0000000800000000)
  region size 8192K, 7 young (57344K), 1 survivors (8192K)
 Metaspace       used 25272K, committed 25600K, reserved 1073152K
  class space    used 3485K, committed 3648K, reserved 1048576K
}
Event: 1.187 GC heap after
{Heap after GC invocations=5 (full 0):
 garbage-first heap   total 81920K, used 15069K [0x0000000403000000, 0x0000000800000000)
  region size 8192K, 1 young (8192K), 1 survivors (8192K)
 Metaspace       used 25272K, committed 25600K, reserved 1073152K
  class space    used 3485K, committed 3648K, reserved 1048576K
}
Event: 1.497 GC heap before
{Heap before GC invocations=5 (full 0):
 garbage-first heap   total 81920K, used 56029K [0x0000000403000000, 0x0000000800000000)
  region size 8192K, 6 young (49152K), 1 survivors (8192K)
 Metaspace       used 31676K, committed 32128K, reserved 1081344K
  class space    used 4321K, committed 4544K, reserved 1048576K
}
Event: 1.502 GC heap after
{Heap after GC invocations=6 (full 0):
 garbage-first heap   total 81920K, used 17687K [0x0000000403000000, 0x0000000800000000)
  region size 8192K, 1 young (8192K), 1 survivors (8192K)
 Metaspace       used 31676K, committed 32128K, reserved 1081344K
  class space    used 4321K, committed 4544K, reserved 1048576K
}
Event: 1.822 GC heap before
{Heap before GC invocations=6 (full 0):
 garbage-first heap   total 81920K, used 42263K [0x0000000403000000, 0x0000000800000000)
  region size 8192K, 5 young (40960K), 1 survivors (8192K)
 Metaspace       used 35690K, committed 36160K, reserved 1081344K
  class space    used 4759K, committed 4992K, reserved 1048576K
}
Event: 1.825 GC heap after
{Heap after GC invocations=7 (full 0):
 garbage-first heap   total 81920K, used 20749K [0x0000000403000000, 0x0000000800000000)
  region size 8192K, 1 young (8192K), 1 survivors (8192K)
 Metaspace       used 35690K, committed 36160K, reserved 1081344K
  class space    used 4759K, committed 4992K, reserved 1048576K
}
Event: 2.163 GC heap before
{Heap before GC invocations=8 (full 0):
 garbage-first heap   total 81920K, used 53517K [0x0000000403000000, 0x0000000800000000)
  region size 8192K, 5 young (40960K), 1 survivors (8192K)
 Metaspace       used 40841K, committed 41408K, reserved 1089536K
  class space    used 5482K, committed 5760K, reserved 1048576K
}
Event: 2.166 GC heap after
{Heap after GC invocations=9 (full 0):
 garbage-first heap   total 81920K, used 25819K [0x0000000403000000, 0x0000000800000000)
  region size 8192K, 1 young (8192K), 1 survivors (8192K)
 Metaspace       used 40841K, committed 41408K, reserved 1089536K
  class space    used 5482K, committed 5760K, reserved 1048576K
}
Event: 2.288 GC heap before
{Heap before GC invocations=9 (full 0):
 garbage-first heap   total 81920K, used 50395K [0x0000000403000000, 0x0000000800000000)
  region size 8192K, 4 young (32768K), 1 survivors (8192K)
 Metaspace       used 43976K, committed 44480K, reserved 1089536K
  class space    used 5892K, committed 6144K, reserved 1048576K
}
Event: 2.291 GC heap after
{Heap after GC invocations=10 (full 0):
 garbage-first heap   total 81920K, used 28943K [0x0000000403000000, 0x0000000800000000)
  region size 8192K, 1 young (8192K), 1 survivors (8192K)
 Metaspace       used 43976K, committed 44480K, reserved 1089536K
  class space    used 5892K, committed 6144K, reserved 1048576K
}
Event: 2.408 GC heap before
{Heap before GC invocations=10 (full 0):
 garbage-first heap   total 81920K, used 45327K [0x0000000403000000, 0x0000000800000000)
  region size 8192K, 3 young (24576K), 1 survivors (8192K)
 Metaspace       used 46624K, committed 47168K, reserved 1089536K
  class space    used 6253K, committed 6528K, reserved 1048576K
}
Event: 2.411 GC heap after
{Heap after GC invocations=11 (full 0):
 garbage-first heap   total 81920K, used 30277K [0x0000000403000000, 0x0000000800000000)
  region size 8192K, 1 young (8192K), 1 survivors (8192K)
 Metaspace       used 46624K, committed 47168K, reserved 1089536K
  class space    used 6253K, committed 6528K, reserved 1048576K
}

