# JRE version: Java(TM) SE Runtime Environment (21.0.1+12) (build 21.0.1+12-LTS-29)
# Java VM: Java HotSpot(TM) 64-Bit Server VM (21.0.1+12-LTS-29, mixed mode, emulated-client, sharing, tiered, compressed oops, compressed class ptrs, g1 gc, windows-amd64)
GC Precious Log:
 CardTable entry size: 512
 Card Set container configuration: InlinePtr #cards 4 size 8 Array Of Cards #cards 64 size 144 Howl #buckets 8 coarsen threshold 14745 Howl Bitmap #cards 2048 size 272 coarsen threshold 1843 Card regions per heap region 1 cards per card region 16384
 CPUs: 32 total, 32 available
 Memory: 65343M
 Large Page Support: Disabled
 NUMA Support: Disabled
 Compressed Oops: Enabled (Zero based)
 Heap Region Size: 8M
 Heap Min Capacity: 8M
 Heap Initial Capacity: 1G
 Heap Max Capacity: 16336M
 Pre-touch: Disabled
 Parallel Workers: 23
 Concurrent Workers: 6
 Concurrent Refinement Workers: 23
 Periodic GC: Disabled
Heap:
 garbage-first heap   total 131072K, used 50246K [0x0000000403000000, 0x0000000800000000)
  region size 8192K, 4 young (32768K), 1 survivors (8192K)
 Metaspace       used 50826K, committed 51968K, reserved 1114112K
  class space    used 6726K, committed 7232K, reserved 1048576K
GC Heap History (20 events):
Event: 0.968 GC heap before
{Heap before GC invocations=3 (full 0):
 garbage-first heap   total 65536K, used 27316K [0x0000000403000000, 0x0000000800000000)
  region size 8192K, 4 young (32768K), 1 survivors (8192K)
 Metaspace       used 21111K, committed 21504K, reserved 1114112K
  class space    used 2848K, committed 3008K, reserved 1048576K
}
Event: 0.970 GC heap after
{Heap after GC invocations=4 (full 0):
 garbage-first heap   total 65536K, used 11495K [0x0000000403000000, 0x0000000800000000)
  region size 8192K, 1 young (8192K), 1 survivors (8192K)
 Metaspace       used 21111K, committed 21504K, reserved 1114112K
  class space    used 2848K, committed 3008K, reserved 1048576K
}
Event: 1.152 GC heap before
{Heap before GC invocations=5 (full 0):
 garbage-first heap   total 65536K, used 27879K [0x0000000403000000, 0x0000000800000000)
  region size 8192K, 4 young (32768K), 1 survivors (8192K)
 Metaspace       used 22803K, committed 23232K, reserved 1114112K
  class space    used 3075K, committed 3264K, reserved 1048576K
}
Event: 1.154 GC heap after
{Heap after GC invocations=6 (full 0):
 garbage-first heap   total 65536K, used 14471K [0x0000000403000000, 0x0000000800000000)
  region size 8192K, 1 young (8192K), 1 survivors (8192K)
 Metaspace       used 22803K, committed 23232K, reserved 1114112K
  class space    used 3075K, committed 3264K, reserved 1048576K
}
Event: 1.353 GC heap before
{Heap before GC invocations=6 (full 0):
 garbage-first heap   total 65536K, used 39047K [0x0000000403000000, 0x0000000800000000)
  region size 8192K, 4 young (32768K), 1 survivors (8192K)
 Metaspace       used 26511K, committed 27008K, reserved 1114112K
  class space    used 3572K, committed 3776K, reserved 1048576K
}
Event: 1.357 GC heap after
{Heap after GC invocations=7 (full 0):
 garbage-first heap   total 65536K, used 16193K [0x0000000403000000, 0x0000000800000000)
  region size 8192K, 1 young (8192K), 1 survivors (8192K)
 Metaspace       used 26511K, committed 27008K, reserved 1114112K
  class space    used 3572K, committed 3776K, reserved 1048576K
}
Event: 1.594 GC heap before
{Heap before GC invocations=7 (full 0):
 garbage-first heap   total 65536K, used 40769K [0x0000000403000000, 0x0000000800000000)
  region size 8192K, 4 young (32768K), 1 survivors (8192K)
 Metaspace       used 31014K, committed 31616K, reserved 1114112K
  class space    used 4188K, committed 4480K, reserved 1048576K
}
Event: 1.602 GC heap after
{Heap after GC invocations=8 (full 0):
 garbage-first heap   total 65536K, used 18311K [0x0000000403000000, 0x0000000800000000)
  region size 8192K, 1 young (8192K), 1 survivors (8192K)
 Metaspace       used 31014K, committed 31616K, reserved 1114112K
  class space    used 4188K, committed 4480K, reserved 1048576K
}
Event: 2.092 GC heap before
{Heap before GC invocations=8 (full 0):
 garbage-first heap   total 65536K, used 42887K [0x0000000403000000, 0x0000000800000000)
  region size 8192K, 4 young (32768K), 1 survivors (8192K)
 Metaspace       used 34856K, committed 35456K, reserved 1114112K
  class space    used 4588K, committed 4864K, reserved 1048576K
}
Event: 2.095 GC heap after
{Heap after GC invocations=9 (full 0):
 garbage-first heap   total 557056K, used 19381K [0x0000000403000000, 0x0000000800000000)
  region size 8192K, 1 young (8192K), 1 survivors (8192K)
 Metaspace       used 34856K, committed 35456K, reserved 1114112K
  class space    used 4588K, committed 4864K, reserved 1048576K
}
Event: 2.128 GC heap before
{Heap before GC invocations=9 (full 0):
 garbage-first heap   total 557056K, used 19381K [0x0000000403000000, 0x0000000800000000)
  region size 8192K, 2 young (16384K), 1 survivors (8192K)
 Metaspace       used 35562K, committed 36096K, reserved 1114112K
  class space    used 4676K, committed 4928K, reserved 1048576K
}
Event: 2.130 GC heap after
{Heap after GC invocations=10 (full 0):
 garbage-first heap   total 557056K, used 19733K [0x0000000403000000, 0x0000000800000000)
  region size 8192K, 1 young (8192K), 1 survivors (8192K)
 Metaspace       used 35562K, committed 36096K, reserved 1114112K
  class space    used 4676K, committed 4928K, reserved 1048576K
}
Event: 2.881 GC heap before
{Heap before GC invocations=11 (full 0):
 garbage-first heap   total 114688K, used 109845K [0x0000000403000000, 0x0000000800000000)
  region size 8192K, 12 young (98304K), 1 survivors (8192K)
 Metaspace       used 45020K, committed 45760K, reserved 1114112K
  class space    used 5975K, committed 6336K, reserved 1048576K
}
Event: 2.886 GC heap after
{Heap after GC invocations=12 (full 0):
 garbage-first heap   total 131072K, used 28606K [0x0000000403000000, 0x0000000800000000)
  region size 8192K, 2 young (16384K), 2 survivors (16384K)
 Metaspace       used 45020K, committed 45760K, reserved 1114112K
  class space    used 5975K, committed 6336K, reserved 1048576K
}
Event: 18.033 GC heap before
{Heap before GC invocations=12 (full 0):
 garbage-first heap   total 131072K, used 85950K [0x0000000403000000, 0x0000000800000000)
  region size 8192K, 9 young (73728K), 2 survivors (16384K)
 Metaspace       used 50461K, committed 51456K, reserved 1114112K
  class space    used 6650K, committed 7104K, reserved 1048576K
}
Event: 18.038 GC heap after
{Heap after GC invocations=13 (full 0):
 garbage-first heap   total 131072K, used 35435K [0x0000000403000000, 0x0000000800000000)
  region size 8192K, 1 young (8192K), 1 survivors (8192K)
 Metaspace       used 50461K, committed 51456K, reserved 1114112K
  class space    used 6650K, committed 7104K, reserved 1048576K
}
Event: 62.320 GC heap before
{Heap before GC invocations=13 (full 0):
 garbage-first heap   total 131072K, used 100971K [0x0000000403000000, 0x0000000800000000)
  region size 8192K, 9 young (73728K), 1 survivors (8192K)
 Metaspace       used 50537K, committed 51520K, reserved 1114112K
  class space    used 6661K, committed 7104K, reserved 1048576K
}
Event: 62.322 GC heap after
{Heap after GC invocations=14 (full 0):
 garbage-first heap   total 131072K, used 34468K [0x0000000403000000, 0x0000000800000000)
  region size 8192K, 1 young (8192K), 1 survivors (8192K)
 Metaspace       used 50537K, committed 51520K, reserved 1114112K
  class space    used 6661K, committed 7104K, reserved 1048576K
}
Event: 106.743 GC heap before
{Heap before GC invocations=14 (full 0):
 garbage-first heap   total 131072K, used 100004K [0x0000000403000000, 0x0000000800000000)
  region size 8192K, 9 young (73728K), 1 survivors (8192K)
 Metaspace       used 50548K, committed 51520K, reserved 1114112K
  class space    used 6663K, committed 7104K, reserved 1048576K
}
Event: 106.745 GC heap after
{Heap after GC invocations=15 (full 0):
 garbage-first heap   total 131072K, used 33862K [0x0000000403000000, 0x0000000800000000)
  region size 8192K, 1 young (8192K), 1 survivors (8192K)
 Metaspace       used 50548K, committed 51520K, reserved 1114112K
  class space    used 6663K, committed 7104K, reserved 1048576K
}

