# JRE version: Java(TM) SE Runtime Environment (21.0.1+12) (build 21.0.1+12-LTS-29)
# Java VM: Java HotSpot(TM) 64-Bit Server VM (21.0.1+12-LTS-29, mixed mode, emulated-client, sharing, tiered, compressed oops, compressed class ptrs, g1 gc, windows-amd64)
GC Precious Log:
 CardTable entry size: 512
 Card Set container configuration: InlinePtr #cards 4 size 8 Array Of Cards #cards 64 size 144 Howl #buckets 8 coarsen threshold 14745 Howl Bitmap #cards 2048 size 272 coarsen threshold 1843 Card regions per heap region 1 cards per card region 16384
 CPUs: 32 total, 32 available
 Memory: 65343M
 Large Page Support: Disabled
 NUMA Support: Disabled
 Compressed Oops: Enabled (Zero based)
 Heap Region Size: 8M
 Heap Min Capacity: 8M
 Heap Initial Capacity: 1G
 Heap Max Capacity: 16336M
 Pre-touch: Disabled
 Parallel Workers: 23
 Concurrent Workers: 6
 Concurrent Refinement Workers: 23
 Periodic GC: Disabled
Heap:
 garbage-first heap   total 81920K, used 35779K [0x0000000403000000, 0x0000000800000000)
  region size 8192K, 2 young (16384K), 1 survivors (8192K)
 Metaspace       used 50879K, committed 51776K, reserved 1114112K
  class space    used 6748K, committed 7168K, reserved 1048576K
GC Heap History (18 events):
Event: 0.533 GC heap before
{Heap before GC invocations=0 (full 0):
 garbage-first heap   total 1048576K, used 49152K [0x0000000403000000, 0x0000000800000000)
  region size 8192K, 6 young (49152K), 0 survivors (0K)
 Metaspace       used 9785K, committed 10048K, reserved 1114112K
  class space    used 1254K, committed 1408K, reserved 1048576K
}
Event: 0.538 GC heap after
{Heap after GC invocations=1 (full 0):
 garbage-first heap   total 1048576K, used 7923K [0x0000000403000000, 0x0000000800000000)
  region size 8192K, 1 young (8192K), 1 survivors (8192K)
 Metaspace       used 9785K, committed 10048K, reserved 1114112K
  class space    used 1254K, committed 1408K, reserved 1048576K
}
Event: 0.586 GC heap before
{Heap before GC invocations=1 (full 0):
 garbage-first heap   total 1048576K, used 7923K [0x0000000403000000, 0x0000000800000000)
  region size 8192K, 2 young (16384K), 1 survivors (8192K)
 Metaspace       used 10805K, committed 11136K, reserved 1114112K
  class space    used 1422K, committed 1536K, reserved 1048576K
}
Event: 0.589 GC heap after
{Heap after GC invocations=2 (full 0):
 garbage-first heap   total 1048576K, used 8036K [0x0000000403000000, 0x0000000800000000)
  region size 8192K, 1 young (8192K), 1 survivors (8192K)
 Metaspace       used 10805K, committed 11136K, reserved 1114112K
  class space    used 1422K, committed 1536K, reserved 1048576K
}
Event: 0.862 GC heap before
{Heap before GC invocations=3 (full 0):
 garbage-first heap   total 81920K, used 57188K [0x0000000403000000, 0x0000000800000000)
  region size 8192K, 8 young (65536K), 1 survivors (8192K)
 Metaspace       used 21174K, committed 21504K, reserved 1114112K
  class space    used 2854K, committed 3008K, reserved 1048576K
}
Event: 0.864 GC heap after
{Heap after GC invocations=4 (full 0):
 garbage-first heap   total 81920K, used 11343K [0x0000000403000000, 0x0000000800000000)
  region size 8192K, 1 young (8192K), 1 survivors (8192K)
 Metaspace       used 21174K, committed 21504K, reserved 1114112K
  class space    used 2854K, committed 3008K, reserved 1048576K
}
Event: 1.116 GC heap before
{Heap before GC invocations=5 (full 0):
 garbage-first heap   total 81920K, used 52303K [0x0000000403000000, 0x0000000800000000)
  region size 8192K, 6 young (49152K), 1 survivors (8192K)
 Metaspace       used 23392K, committed 23872K, reserved 1114112K
  class space    used 3159K, committed 3392K, reserved 1048576K
}
Event: 1.118 GC heap after
{Heap after GC invocations=6 (full 0):
 garbage-first heap   total 81920K, used 14321K [0x0000000403000000, 0x0000000800000000)
  region size 8192K, 1 young (8192K), 1 survivors (8192K)
 Metaspace       used 23392K, committed 23872K, reserved 1114112K
  class space    used 3159K, committed 3392K, reserved 1048576K
}
Event: 1.446 GC heap before
{Heap before GC invocations=6 (full 0):
 garbage-first heap   total 81920K, used 55281K [0x0000000403000000, 0x0000000800000000)
  region size 8192K, 6 young (49152K), 1 survivors (8192K)
 Metaspace       used 30496K, committed 31040K, reserved 1114112K
  class space    used 4137K, committed 4416K, reserved 1048576K
}
Event: 1.450 GC heap after
{Heap after GC invocations=7 (full 0):
 garbage-first heap   total 81920K, used 17164K [0x0000000403000000, 0x0000000800000000)
  region size 8192K, 1 young (8192K), 1 survivors (8192K)
 Metaspace       used 30496K, committed 31040K, reserved 1114112K
  class space    used 4137K, committed 4416K, reserved 1048576K
}
Event: 1.843 GC heap before
{Heap before GC invocations=7 (full 0):
 garbage-first heap   total 81920K, used 49932K [0x0000000403000000, 0x0000000800000000)
  region size 8192K, 6 young (49152K), 1 survivors (8192K)
 Metaspace       used 35573K, committed 36096K, reserved 1114112K
  class space    used 4680K, committed 4928K, reserved 1048576K
}
Event: 1.847 GC heap after
{Heap after GC invocations=8 (full 0):
 garbage-first heap   total 81920K, used 22549K [0x0000000403000000, 0x0000000800000000)
  region size 8192K, 1 young (8192K), 1 survivors (8192K)
 Metaspace       used 35573K, committed 36096K, reserved 1114112K
  class space    used 4680K, committed 4928K, reserved 1048576K
}
Event: 2.262 GC heap before
{Heap before GC invocations=9 (full 0):
 garbage-first heap   total 81920K, used 63509K [0x0000000403000000, 0x0000000800000000)
  region size 8192K, 6 young (49152K), 1 survivors (8192K)
 Metaspace       used 41852K, committed 42624K, reserved 1114112K
  class space    used 5529K, committed 5888K, reserved 1048576K
}
Event: 2.265 GC heap after
{Heap after GC invocations=10 (full 0):
 garbage-first heap   total 81920K, used 26727K [0x0000000403000000, 0x0000000800000000)
  region size 8192K, 1 young (8192K), 1 survivors (8192K)
 Metaspace       used 41852K, committed 42624K, reserved 1114112K
  class space    used 5529K, committed 5888K, reserved 1048576K
}
Event: 2.493 GC heap before
{Heap before GC invocations=10 (full 0):
 garbage-first heap   total 81920K, used 59495K [0x0000000403000000, 0x0000000800000000)
  region size 8192K, 5 young (40960K), 1 survivors (8192K)
 Metaspace       used 45529K, committed 46336K, reserved 1114112K
  class space    used 6050K, committed 6400K, reserved 1048576K
}
Event: 2.496 GC heap after
{Heap after GC invocations=11 (full 0):
 garbage-first heap   total 81920K, used 30447K [0x0000000403000000, 0x0000000800000000)
  region size 8192K, 1 young (8192K), 1 survivors (8192K)
 Metaspace       used 45529K, committed 46336K, reserved 1114112K
  class space    used 6050K, committed 6400K, reserved 1048576K
}
Event: 2.868 GC heap before
{Heap before GC invocations=11 (full 0):
 garbage-first heap   total 81920K, used 55023K [0x0000000403000000, 0x0000000800000000)
  region size 8192K, 4 young (32768K), 1 survivors (8192K)
 Metaspace       used 50367K, committed 51200K, reserved 1114112K
  class space    used 6649K, committed 6976K, reserved 1048576K
}
Event: 2.871 GC heap after
{Heap after GC invocations=12 (full 0):
 garbage-first heap   total 81920K, used 35779K [0x0000000403000000, 0x0000000800000000)
  region size 8192K, 1 young (8192K), 1 survivors (8192K)
 Metaspace       used 50367K, committed 51200K, reserved 1114112K
  class space    used 6649K, committed 6976K, reserved 1048576K
}

