# JRE version: Java(TM) SE Runtime Environment (21.0.1+12) (build 21.0.1+12-LTS-29)
# Java VM: Java HotSpot(TM) 64-Bit Server VM (21.0.1+12-LTS-29, mixed mode, emulated-client, sharing, tiered, compressed oops, compressed class ptrs, g1 gc, windows-amd64)
GC Precious Log:
 CardTable entry size: 512
 Card Set container configuration: InlinePtr #cards 4 size 8 Array Of Cards #cards 64 size 144 Howl #buckets 8 coarsen threshold 14745 Howl Bitmap #cards 2048 size 272 coarsen threshold 1843 Card regions per heap region 1 cards per card region 16384
 CPUs: 32 total, 32 available
 Memory: 65343M
 Large Page Support: Disabled
 NUMA Support: Disabled
 Compressed Oops: Enabled (Zero based)
 Heap Region Size: 8M
 Heap Min Capacity: 8M
 Heap Initial Capacity: 1G
 Heap Max Capacity: 16336M
 Pre-touch: Disabled
 Parallel Workers: 23
 Concurrent Workers: 6
 Concurrent Refinement Workers: 23
 Periodic GC: Disabled
Heap:
 garbage-first heap   total 114688K, used 47506K [0x0000000403000000, 0x0000000800000000)
  region size 8192K, 5 young (40960K), 1 survivors (8192K)
 Metaspace       used 38984K, committed 39616K, reserved 1114112K
  class space    used 5178K, committed 5440K, reserved 1048576K
GC Heap History (16 events):
Event: 0.566 GC heap before
{Heap before GC invocations=0 (full 0):
 garbage-first heap   total 1048576K, used 40960K [0x0000000403000000, 0x0000000800000000)
  region size 8192K, 6 young (49152K), 0 survivors (0K)
 Metaspace       used 9341K, committed 9600K, reserved 1114112K
  class space    used 1182K, committed 1344K, reserved 1048576K
}
Event: 0.571 GC heap after
{Heap after GC invocations=1 (full 0):
 garbage-first heap   total 1048576K, used 7554K [0x0000000403000000, 0x0000000800000000)
  region size 8192K, 1 young (8192K), 1 survivors (8192K)
 Metaspace       used 9341K, committed 9600K, reserved 1114112K
  class space    used 1182K, committed 1344K, reserved 1048576K
}
Event: 0.873 GC heap before
{Heap before GC invocations=2 (full 0):
 garbage-first heap   total 57344K, used 48514K [0x0000000403000000, 0x0000000800000000)
  region size 8192K, 6 young (49152K), 1 survivors (8192K)
 Metaspace       used 17633K, committed 18048K, reserved 1114112K
  class space    used 2346K, committed 2560K, reserved 1048576K
}
Event: 0.877 GC heap after
{Heap after GC invocations=3 (full 0):
 garbage-first heap   total 65536K, used 10552K [0x0000000403000000, 0x0000000800000000)
  region size 8192K, 1 young (8192K), 1 survivors (8192K)
 Metaspace       used 17633K, committed 18048K, reserved 1114112K
  class space    used 2346K, committed 2560K, reserved 1048576K
}
Event: 0.957 GC heap before
{Heap before GC invocations=3 (full 0):
 garbage-first heap   total 65536K, used 26936K [0x0000000403000000, 0x0000000800000000)
  region size 8192K, 4 young (32768K), 1 survivors (8192K)
 Metaspace       used 21109K, committed 21504K, reserved 1114112K
  class space    used 2844K, committed 3008K, reserved 1048576K
}
Event: 0.959 GC heap after
{Heap after GC invocations=4 (full 0):
 garbage-first heap   total 65536K, used 11130K [0x0000000403000000, 0x0000000800000000)
  region size 8192K, 1 young (8192K), 1 survivors (8192K)
 Metaspace       used 21109K, committed 21504K, reserved 1114112K
  class space    used 2844K, committed 3008K, reserved 1048576K
}
Event: 1.205 GC heap before
{Heap before GC invocations=5 (full 0):
 garbage-first heap   total 65536K, used 35706K [0x0000000403000000, 0x0000000800000000)
  region size 8192K, 4 young (32768K), 1 survivors (8192K)
 Metaspace       used 23526K, committed 24000K, reserved 1114112K
  class space    used 3177K, committed 3392K, reserved 1048576K
}
Event: 1.208 GC heap after
{Heap after GC invocations=6 (full 0):
 garbage-first heap   total 65536K, used 14387K [0x0000000403000000, 0x0000000800000000)
  region size 8192K, 1 young (8192K), 1 survivors (8192K)
 Metaspace       used 23526K, committed 24000K, reserved 1114112K
  class space    used 3177K, committed 3392K, reserved 1048576K
}
Event: 1.438 GC heap before
{Heap before GC invocations=6 (full 0):
 garbage-first heap   total 65536K, used 38963K [0x0000000403000000, 0x0000000800000000)
  region size 8192K, 4 young (32768K), 1 survivors (8192K)
 Metaspace       used 26984K, committed 27520K, reserved 1114112K
  class space    used 3658K, committed 3904K, reserved 1048576K
}
Event: 1.442 GC heap after
{Heap after GC invocations=7 (full 0):
 garbage-first heap   total 65536K, used 15585K [0x0000000403000000, 0x0000000800000000)
  region size 8192K, 1 young (8192K), 1 survivors (8192K)
 Metaspace       used 26984K, committed 27520K, reserved 1114112K
  class space    used 3658K, committed 3904K, reserved 1048576K
}
Event: 1.637 GC heap before
{Heap before GC invocations=7 (full 0):
 garbage-first heap   total 65536K, used 40161K [0x0000000403000000, 0x0000000800000000)
  region size 8192K, 4 young (32768K), 1 survivors (8192K)
 Metaspace       used 31513K, committed 32000K, reserved 1114112K
  class space    used 4238K, committed 4480K, reserved 1048576K
}
Event: 1.642 GC heap after
{Heap after GC invocations=8 (full 0):
 garbage-first heap   total 65536K, used 17507K [0x0000000403000000, 0x0000000800000000)
  region size 8192K, 1 young (8192K), 1 survivors (8192K)
 Metaspace       used 31513K, committed 32000K, reserved 1114112K
  class space    used 4238K, committed 4480K, reserved 1048576K
}
Event: 1.796 GC heap before
{Heap before GC invocations=8 (full 0):
 garbage-first heap   total 65536K, used 42083K [0x0000000403000000, 0x0000000800000000)
  region size 8192K, 4 young (32768K), 1 survivors (8192K)
 Metaspace       used 34396K, committed 35008K, reserved 1114112K
  class space    used 4570K, committed 4864K, reserved 1048576K
}
Event: 1.804 GC heap after
{Heap after GC invocations=9 (full 0):
 garbage-first heap   total 557056K, used 23358K [0x0000000403000000, 0x0000000800000000)
  region size 8192K, 1 young (8192K), 1 survivors (8192K)
 Metaspace       used 34396K, committed 35008K, reserved 1114112K
  class space    used 4570K, committed 4864K, reserved 1048576K
}
Event: 2.109 GC heap before
{Heap before GC invocations=9 (full 0):
 garbage-first heap   total 557056K, used 23358K [0x0000000403000000, 0x0000000800000000)
  region size 8192K, 2 young (16384K), 1 survivors (8192K)
 Metaspace       used 35587K, committed 36096K, reserved 1114112K
  class space    used 4691K, committed 4928K, reserved 1048576K
}
Event: 2.111 GC heap after
{Heap after GC invocations=10 (full 0):
 garbage-first heap   total 557056K, used 22930K [0x0000000403000000, 0x0000000800000000)
  region size 8192K, 1 young (8192K), 1 survivors (8192K)
 Metaspace       used 35587K, committed 36096K, reserved 1114112K
  class space    used 4691K, committed 4928K, reserved 1048576K
}

