# JRE version: Java(TM) SE Runtime Environment (21.0.1+12) (build 21.0.1+12-LTS-29)
# Java VM: Java HotSpot(TM) 64-Bit Server VM (21.0.1+12-LTS-29, mixed mode, emulated-client, sharing, tiered, compressed oops, compressed class ptrs, g1 gc, windows-amd64)
GC Precious Log:
 CardTable entry size: 512
 Card Set container configuration: InlinePtr #cards 4 size 8 Array Of Cards #cards 64 size 144 Howl #buckets 8 coarsen threshold 14745 Howl Bitmap #cards 2048 size 272 coarsen threshold 1843 Card regions per heap region 1 cards per card region 16384
 CPUs: 32 total, 32 available
 Memory: 65343M
 Large Page Support: Disabled
 NUMA Support: Disabled
 Compressed Oops: Enabled (Zero based)
 Heap Region Size: 8M
 Heap Min Capacity: 8M
 Heap Initial Capacity: 1G
 Heap Max Capacity: 16336M
 Pre-touch: Disabled
 Parallel Workers: 23
 Concurrent Workers: 6
 Concurrent Refinement Workers: 23
 Periodic GC: Disabled
Heap:
 garbage-first heap   total 253952K, used 76014K [0x0000000403000000, 0x0000000800000000)
  region size 8192K, 7 young (57344K), 1 survivors (8192K)
 Metaspace       used 50418K, committed 51328K, reserved 1114112K
  class space    used 6639K, committed 7040K, reserved 1048576K
GC Heap History (20 events):
Event: 2.037 GC heap before
{Heap before GC invocations=7 (full 0):
 garbage-first heap   total 81920K, used 42082K [0x0000000403000000, 0x0000000800000000)
  region size 8192K, 5 young (40960K), 1 survivors (8192K)
 Metaspace       used 35545K, committed 36096K, reserved 1114112K
  class space    used 4675K, committed 4928K, reserved 1048576K
}
Event: 2.039 GC heap after
{Heap after GC invocations=8 (full 0):
 garbage-first heap   total 81920K, used 19469K [0x0000000403000000, 0x0000000800000000)
  region size 8192K, 1 young (8192K), 1 survivors (8192K)
 Metaspace       used 35545K, committed 36096K, reserved 1114112K
  class space    used 4675K, committed 4928K, reserved 1048576K
}
Event: 2.413 GC heap before
{Heap before GC invocations=9 (full 0):
 garbage-first heap   total 81920K, used 60429K [0x0000000403000000, 0x0000000800000000)
  region size 8192K, 6 young (49152K), 1 survivors (8192K)
 Metaspace       used 41606K, committed 42368K, reserved 1114112K
  class space    used 5501K, committed 5888K, reserved 1048576K
}
Event: 2.416 GC heap after
{Heap after GC invocations=10 (full 0):
 garbage-first heap   total 81920K, used 25277K [0x0000000403000000, 0x0000000800000000)
  region size 8192K, 1 young (8192K), 1 survivors (8192K)
 Metaspace       used 41606K, committed 42368K, reserved 1114112K
  class space    used 5501K, committed 5888K, reserved 1048576K
}
Event: 2.645 GC heap before
{Heap before GC invocations=10 (full 0):
 garbage-first heap   total 81920K, used 58045K [0x0000000403000000, 0x0000000800000000)
  region size 8192K, 5 young (40960K), 1 survivors (8192K)
 Metaspace       used 44633K, committed 45440K, reserved 1114112K
  class space    used 5916K, committed 6272K, reserved 1048576K
}
Event: 2.649 GC heap after
{Heap after GC invocations=11 (full 0):
 garbage-first heap   total 81920K, used 29486K [0x0000000403000000, 0x0000000800000000)
  region size 8192K, 1 young (8192K), 1 survivors (8192K)
 Metaspace       used 44633K, committed 45440K, reserved 1114112K
  class space    used 5916K, committed 6272K, reserved 1048576K
}
Event: 2.940 GC heap before
{Heap before GC invocations=11 (full 0):
 garbage-first heap   total 81920K, used 54062K [0x0000000403000000, 0x0000000800000000)
  region size 8192K, 4 young (32768K), 1 survivors (8192K)
 Metaspace       used 49414K, committed 50112K, reserved 1114112K
  class space    used 6474K, committed 6784K, reserved 1048576K
}
Event: 2.943 GC heap after
{Heap after GC invocations=12 (full 0):
 garbage-first heap   total 81920K, used 34747K [0x0000000403000000, 0x0000000800000000)
  region size 8192K, 1 young (8192K), 1 survivors (8192K)
 Metaspace       used 49414K, committed 50112K, reserved 1114112K
  class space    used 6474K, committed 6784K, reserved 1048576K
}
Event: 3.245 GC heap before
{Heap before GC invocations=12 (full 0):
 garbage-first heap   total 81920K, used 59323K [0x0000000403000000, 0x0000000800000000)
  region size 8192K, 4 young (32768K), 1 survivors (8192K)
 Metaspace       used 50389K, committed 51328K, reserved 1114112K
  class space    used 6632K, committed 7040K, reserved 1048576K
}
Event: 3.249 GC heap after
{Heap after GC invocations=13 (full 0):
 garbage-first heap   total 81920K, used 36684K [0x0000000403000000, 0x0000000800000000)
  region size 8192K, 1 young (8192K), 1 survivors (8192K)
 Metaspace       used 50389K, committed 51328K, reserved 1114112K
  class space    used 6632K, committed 7040K, reserved 1048576K
}
Event: 3.419 GC heap before
{Heap before GC invocations=13 (full 0):
 garbage-first heap   total 81920K, used 53068K [0x0000000403000000, 0x0000000800000000)
  region size 8192K, 3 young (24576K), 1 survivors (8192K)
 Metaspace       used 50389K, committed 51328K, reserved 1114112K
  class space    used 6632K, committed 7040K, reserved 1048576K
}
Event: 3.420 GC heap after
{Heap after GC invocations=14 (full 0):
 garbage-first heap   total 81920K, used 35588K [0x0000000403000000, 0x0000000800000000)
  region size 8192K, 1 young (8192K), 1 survivors (8192K)
 Metaspace       used 50389K, committed 51328K, reserved 1114112K
  class space    used 6632K, committed 7040K, reserved 1048576K
}
Event: 3.429 GC heap before
{Heap before GC invocations=14 (full 0):
 garbage-first heap   total 81920K, used 60164K [0x0000000403000000, 0x0000000800000000)
  region size 8192K, 4 young (32768K), 1 survivors (8192K)
 Metaspace       used 50389K, committed 51328K, reserved 1114112K
  class space    used 6632K, committed 7040K, reserved 1048576K
}
Event: 3.432 GC heap after
{Heap after GC invocations=15 (full 0):
 garbage-first heap   total 565248K, used 35649K [0x0000000403000000, 0x0000000800000000)
  region size 8192K, 1 young (8192K), 1 survivors (8192K)
 Metaspace       used 50389K, committed 51328K, reserved 1114112K
  class space    used 6632K, committed 7040K, reserved 1048576K
}
Event: 3.976 GC heap before
{Heap before GC invocations=16 (full 0):
 garbage-first heap   total 245760K, used 232257K [0x0000000403000000, 0x0000000800000000)
  region size 8192K, 25 young (204800K), 1 survivors (8192K)
 Metaspace       used 50417K, committed 51328K, reserved 1114112K
  class space    used 6639K, committed 7040K, reserved 1048576K
}
Event: 3.978 GC heap after
{Heap after GC invocations=17 (full 0):
 garbage-first heap   total 253952K, used 35581K [0x0000000403000000, 0x0000000800000000)
  region size 8192K, 1 young (8192K), 1 survivors (8192K)
 Metaspace       used 50417K, committed 51328K, reserved 1114112K
  class space    used 6639K, committed 7040K, reserved 1048576K
}
Event: 4.333 GC heap before
{Heap before GC invocations=17 (full 0):
 garbage-first heap   total 253952K, used 174845K [0x0000000403000000, 0x0000000800000000)
  region size 8192K, 18 young (147456K), 1 survivors (8192K)
 Metaspace       used 50417K, committed 51328K, reserved 1114112K
  class space    used 6639K, committed 7040K, reserved 1048576K
}
Event: 4.335 GC heap after
{Heap after GC invocations=18 (full 0):
 garbage-first heap   total 253952K, used 35030K [0x0000000403000000, 0x0000000800000000)
  region size 8192K, 1 young (8192K), 1 survivors (8192K)
 Metaspace       used 50417K, committed 51328K, reserved 1114112K
  class space    used 6639K, committed 7040K, reserved 1048576K
}
Event: 4.698 GC heap before
{Heap before GC invocations=18 (full 0):
 garbage-first heap   total 253952K, used 174294K [0x0000000403000000, 0x0000000800000000)
  region size 8192K, 18 young (147456K), 1 survivors (8192K)
 Metaspace       used 50417K, committed 51328K, reserved 1114112K
  class space    used 6639K, committed 7040K, reserved 1048576K
}
Event: 4.700 GC heap after
{Heap after GC invocations=19 (full 0):
 garbage-first heap   total 253952K, used 35054K [0x0000000403000000, 0x0000000800000000)
  region size 8192K, 1 young (8192K), 1 survivors (8192K)
 Metaspace       used 50417K, committed 51328K, reserved 1114112K
  class space    used 6639K, committed 7040K, reserved 1048576K
}

