# JRE version: Java(TM) SE Runtime Environment (17.0.5+9) (build 17.0.5+9-LTS-191)
# Java VM: Java HotSpot(TM) 64-Bit Server VM (17.0.5+9-LTS-191, mixed mode, emulated-client, sharing, tiered, compressed oops, compressed class ptrs, g1 gc, windows-amd64)
GC Precious Log:
 CPUs: 32 total, 32 available
 Memory: 65343M
 Large Page Support: Disabled
 NUMA Support: Disabled
 Compressed Oops: Enabled (Zero based)
 Heap Region Size: 8M
 Heap Min Capacity: 8M
 Heap Initial Capacity: 1G
 Heap Max Capacity: 16336M
 Pre-touch: Disabled
 Parallel Workers: 23
 Concurrent Workers: 6
 Concurrent Refinement Workers: 23
 Periodic GC: Disabled
Heap:
 garbage-first heap   total 565248K, used 91941K [0x0000000403000000, 0x0000000800000000)
  region size 8192K, 9 young (73728K), 1 survivors (8192K)
 Metaspace       used 49210K, committed 49920K, reserved 1097728K
  class space    used 6637K, committed 6976K, reserved 1048576K
GC Heap History (20 events):
Event: 0.521 GC heap before
{Heap before GC invocations=0 (full 0):
 garbage-first heap   total 1048576K, used 49152K [0x0000000403000000, 0x0000000800000000)
  region size 8192K, 6 young (49152K), 0 survivors (0K)
 Metaspace       used 9670K, committed 9920K, reserved 1064960K
  class space    used 1291K, committed 1408K, reserved 1048576K
}
Event: 0.525 GC heap after
{Heap after GC invocations=1 (full 0):
 garbage-first heap   total 1048576K, used 7589K [0x0000000403000000, 0x0000000800000000)
  region size 8192K, 1 young (8192K), 1 survivors (8192K)
 Metaspace       used 9670K, committed 9920K, reserved 1064960K
  class space    used 1291K, committed 1408K, reserved 1048576K
}
Event: 0.772 GC heap before
{Heap before GC invocations=1 (full 0):
 garbage-first heap   total 1048576K, used 48549K [0x0000000403000000, 0x0000000800000000)
  region size 8192K, 6 young (49152K), 1 survivors (8192K)
 Metaspace       used 17506K, committed 17856K, reserved 1064960K
  class space    used 2389K, committed 2560K, reserved 1048576K
}
Event: 0.777 GC heap after
{Heap after GC invocations=2 (full 0):
 garbage-first heap   total 1048576K, used 10205K [0x0000000403000000, 0x0000000800000000)
  region size 8192K, 1 young (8192K), 1 survivors (8192K)
 Metaspace       used 17506K, committed 17856K, reserved 1064960K
  class space    used 2389K, committed 2560K, reserved 1048576K
}
Event: 0.930 GC heap before
{Heap before GC invocations=2 (full 0):
 garbage-first heap   total 1048576K, used 42973K [0x0000000403000000, 0x0000000800000000)
  region size 8192K, 6 young (49152K), 1 survivors (8192K)
 Metaspace       used 21218K, committed 21504K, reserved 1073152K
  class space    used 2917K, committed 3072K, reserved 1048576K
}
Event: 0.932 GC heap after
{Heap after GC invocations=3 (full 0):
 garbage-first heap   total 1048576K, used 12673K [0x0000000403000000, 0x0000000800000000)
  region size 8192K, 1 young (8192K), 1 survivors (8192K)
 Metaspace       used 21218K, committed 21504K, reserved 1073152K
  class space    used 2917K, committed 3072K, reserved 1048576K
}
Event: 1.206 GC heap before
{Heap before GC invocations=4 (full 0):
 garbage-first heap   total 81920K, used 53633K [0x0000000403000000, 0x0000000800000000)
  region size 8192K, 7 young (57344K), 1 survivors (8192K)
 Metaspace       used 26189K, committed 26560K, reserved 1073152K
  class space    used 3620K, committed 3776K, reserved 1048576K
}
Event: 1.209 GC heap after
{Heap after GC invocations=5 (full 0):
 garbage-first heap   total 81920K, used 15355K [0x0000000403000000, 0x0000000800000000)
  region size 8192K, 1 young (8192K), 1 survivors (8192K)
 Metaspace       used 26189K, committed 26560K, reserved 1073152K
  class space    used 3620K, committed 3776K, reserved 1048576K
}
Event: 1.490 GC heap before
{Heap before GC invocations=5 (full 0):
 garbage-first heap   total 81920K, used 56315K [0x0000000403000000, 0x0000000800000000)
  region size 8192K, 6 young (49152K), 1 survivors (8192K)
 Metaspace       used 32281K, committed 32704K, reserved 1081344K
  class space    used 4399K, committed 4608K, reserved 1048576K
}
Event: 1.495 GC heap after
{Heap after GC invocations=6 (full 0):
 garbage-first heap   total 81920K, used 19218K [0x0000000403000000, 0x0000000800000000)
  region size 8192K, 1 young (8192K), 1 survivors (8192K)
 Metaspace       used 32281K, committed 32704K, reserved 1081344K
  class space    used 4399K, committed 4608K, reserved 1048576K
}
Event: 1.789 GC heap before
{Heap before GC invocations=6 (full 0):
 garbage-first heap   total 81920K, used 35602K [0x0000000403000000, 0x0000000800000000)
  region size 8192K, 5 young (40960K), 1 survivors (8192K)
 Metaspace       used 35707K, committed 36160K, reserved 1081344K
  class space    used 4760K, committed 4992K, reserved 1048576K
}
Event: 1.792 GC heap after
{Heap after GC invocations=7 (full 0):
 garbage-first heap   total 81920K, used 20769K [0x0000000403000000, 0x0000000800000000)
  region size 8192K, 1 young (8192K), 1 survivors (8192K)
 Metaspace       used 35707K, committed 36160K, reserved 1081344K
  class space    used 4760K, committed 4992K, reserved 1048576K
}
Event: 2.102 GC heap before
{Heap before GC invocations=8 (full 0):
 garbage-first heap   total 81920K, used 45345K [0x0000000403000000, 0x0000000800000000)
  region size 8192K, 5 young (40960K), 1 survivors (8192K)
 Metaspace       used 40808K, committed 41472K, reserved 1089536K
  class space    used 5493K, committed 5824K, reserved 1048576K
}
Event: 2.104 GC heap after
{Heap after GC invocations=9 (full 0):
 garbage-first heap   total 81920K, used 25474K [0x0000000403000000, 0x0000000800000000)
  region size 8192K, 1 young (8192K), 1 survivors (8192K)
 Metaspace       used 40808K, committed 41472K, reserved 1089536K
  class space    used 5493K, committed 5824K, reserved 1048576K
}
Event: 2.214 GC heap before
{Heap before GC invocations=9 (full 0):
 garbage-first heap   total 81920K, used 50050K [0x0000000403000000, 0x0000000800000000)
  region size 8192K, 4 young (32768K), 1 survivors (8192K)
 Metaspace       used 43895K, committed 44416K, reserved 1089536K
  class space    used 5890K, committed 6144K, reserved 1048576K
}
Event: 2.217 GC heap after
{Heap after GC invocations=10 (full 0):
 garbage-first heap   total 81920K, used 28795K [0x0000000403000000, 0x0000000800000000)
  region size 8192K, 1 young (8192K), 1 survivors (8192K)
 Metaspace       used 43895K, committed 44416K, reserved 1089536K
  class space    used 5890K, committed 6144K, reserved 1048576K
}
Event: 2.335 GC heap before
{Heap before GC invocations=10 (full 0):
 garbage-first heap   total 81920K, used 36987K [0x0000000403000000, 0x0000000800000000)
  region size 8192K, 3 young (24576K), 1 survivors (8192K)
 Metaspace       used 46141K, committed 46784K, reserved 1089536K
  class space    used 6207K, committed 6528K, reserved 1048576K
}
Event: 2.337 GC heap after
{Heap after GC invocations=11 (full 0):
 garbage-first heap   total 81920K, used 29997K [0x0000000403000000, 0x0000000800000000)
  region size 8192K, 1 young (8192K), 1 survivors (8192K)
 Metaspace       used 46141K, committed 46784K, reserved 1089536K
  class space    used 6207K, committed 6528K, reserved 1048576K
}
Event: 10.231 GC heap before
{Heap before GC invocations=11 (full 0):
 garbage-first heap   total 81920K, used 46381K [0x0000000403000000, 0x0000000800000000)
  region size 8192K, 3 young (24576K), 1 survivors (8192K)
 Metaspace       used 48838K, committed 49600K, reserved 1097728K
  class space    used 6577K, committed 6912K, reserved 1048576K
}
Event: 10.236 GC heap after
{Heap after GC invocations=12 (full 0):
 garbage-first heap   total 565248K, used 34597K [0x0000000403000000, 0x0000000800000000)
  region size 8192K, 1 young (8192K), 1 survivors (8192K)
 Metaspace       used 48838K, committed 49600K, reserved 1097728K
  class space    used 6577K, committed 6912K, reserved 1048576K
}

