# JRE version: Java(TM) SE Runtime Environment (21.0.1+12) (build 21.0.1+12-LTS-29)
# Java VM: Java HotSpot(TM) 64-Bit Server VM (21.0.1+12-LTS-29, mixed mode, emulated-client, sharing, tiered, compressed oops, compressed class ptrs, g1 gc, windows-amd64)
GC Precious Log:
 CardTable entry size: 512
 Card Set container configuration: InlinePtr #cards 4 size 8 Array Of Cards #cards 64 size 144 Howl #buckets 8 coarsen threshold 14745 Howl Bitmap #cards 2048 size 272 coarsen threshold 1843 Card regions per heap region 1 cards per card region 16384
 CPUs: 32 total, 32 available
 Memory: 65343M
 Large Page Support: Disabled
 NUMA Support: Disabled
 Compressed Oops: Enabled (Zero based)
 Heap Region Size: 8M
 Heap Min Capacity: 8M
 Heap Initial Capacity: 1G
 Heap Max Capacity: 16336M
 Pre-touch: Disabled
 Parallel Workers: 23
 Concurrent Workers: 6
 Concurrent Refinement Workers: 23
 Periodic GC: Disabled
Heap:
 garbage-first heap   total 81920K, used 36795K [0x0000000403000000, 0x0000000800000000)
  region size 8192K, 3 young (24576K), 1 survivors (8192K)
 Metaspace       used 43832K, committed 44672K, reserved 1114112K
  class space    used 5847K, committed 6208K, reserved 1048576K
GC Heap History (14 events):
Event: 0.598 GC heap before
{Heap before GC invocations=0 (full 0):
 garbage-first heap   total 1048576K, used 49152K [0x0000000403000000, 0x0000000800000000)
  region size 8192K, 6 young (49152K), 0 survivors (0K)
 Metaspace       used 9928K, committed 10176K, reserved 1114112K
  class space    used 1275K, committed 1408K, reserved 1048576K
}
Event: 0.604 GC heap after
{Heap after GC invocations=1 (full 0):
 garbage-first heap   total 1048576K, used 7871K [0x0000000403000000, 0x0000000800000000)
  region size 8192K, 1 young (8192K), 1 survivors (8192K)
 Metaspace       used 9928K, committed 10176K, reserved 1114112K
  class space    used 1275K, committed 1408K, reserved 1048576K
}
Event: 0.658 GC heap before
{Heap before GC invocations=1 (full 0):
 garbage-first heap   total 1048576K, used 7871K [0x0000000403000000, 0x0000000800000000)
  region size 8192K, 2 young (16384K), 1 survivors (8192K)
 Metaspace       used 10787K, committed 11072K, reserved 1114112K
  class space    used 1419K, committed 1536K, reserved 1048576K
}
Event: 0.666 GC heap after
{Heap after GC invocations=2 (full 0):
 garbage-first heap   total 1048576K, used 8488K [0x0000000403000000, 0x0000000800000000)
  region size 8192K, 1 young (8192K), 1 survivors (8192K)
 Metaspace       used 10787K, committed 11072K, reserved 1114112K
  class space    used 1419K, committed 1536K, reserved 1048576K
}
Event: 0.996 GC heap before
{Heap before GC invocations=3 (full 0):
 garbage-first heap   total 81920K, used 57640K [0x0000000403000000, 0x0000000800000000)
  region size 8192K, 8 young (65536K), 1 survivors (8192K)
 Metaspace       used 21108K, committed 21504K, reserved 1114112K
  class space    used 2849K, committed 3008K, reserved 1048576K
}
Event: 0.999 GC heap after
{Heap after GC invocations=4 (full 0):
 garbage-first heap   total 81920K, used 11341K [0x0000000403000000, 0x0000000800000000)
  region size 8192K, 1 young (8192K), 1 survivors (8192K)
 Metaspace       used 21108K, committed 21504K, reserved 1114112K
  class space    used 2849K, committed 3008K, reserved 1048576K
}
Event: 1.221 GC heap before
{Heap before GC invocations=5 (full 0):
 garbage-first heap   total 81920K, used 52301K [0x0000000403000000, 0x0000000800000000)
  region size 8192K, 6 young (49152K), 1 survivors (8192K)
 Metaspace       used 24271K, committed 24768K, reserved 1114112K
  class space    used 3282K, committed 3520K, reserved 1048576K
}
Event: 1.223 GC heap after
{Heap after GC invocations=6 (full 0):
 garbage-first heap   total 81920K, used 14359K [0x0000000403000000, 0x0000000800000000)
  region size 8192K, 1 young (8192K), 1 survivors (8192K)
 Metaspace       used 24271K, committed 24768K, reserved 1114112K
  class space    used 3282K, committed 3520K, reserved 1048576K
}
Event: 1.568 GC heap before
{Heap before GC invocations=6 (full 0):
 garbage-first heap   total 81920K, used 55319K [0x0000000403000000, 0x0000000800000000)
  region size 8192K, 6 young (49152K), 1 survivors (8192K)
 Metaspace       used 31038K, committed 31616K, reserved 1114112K
  class space    used 4193K, committed 4480K, reserved 1048576K
}
Event: 1.571 GC heap after
{Heap after GC invocations=7 (full 0):
 garbage-first heap   total 81920K, used 17122K [0x0000000403000000, 0x0000000800000000)
  region size 8192K, 1 young (8192K), 1 survivors (8192K)
 Metaspace       used 31038K, committed 31616K, reserved 1114112K
  class space    used 4193K, committed 4480K, reserved 1048576K
}
Event: 1.938 GC heap before
{Heap before GC invocations=7 (full 0):
 garbage-first heap   total 81920K, used 49890K [0x0000000403000000, 0x0000000800000000)
  region size 8192K, 6 young (49152K), 1 survivors (8192K)
 Metaspace       used 35582K, committed 36096K, reserved 1114112K
  class space    used 4686K, committed 4928K, reserved 1048576K
}
Event: 1.940 GC heap after
{Heap after GC invocations=8 (full 0):
 garbage-first heap   total 81920K, used 20938K [0x0000000403000000, 0x0000000800000000)
  region size 8192K, 1 young (8192K), 1 survivors (8192K)
 Metaspace       used 35582K, committed 36096K, reserved 1114112K
  class space    used 4686K, committed 4928K, reserved 1048576K
}
Event: 4.691 GC heap before
{Heap before GC invocations=9 (full 0):
 garbage-first heap   total 81920K, used 61898K [0x0000000403000000, 0x0000000800000000)
  region size 8192K, 6 young (49152K), 1 survivors (8192K)
 Metaspace       used 42865K, committed 43520K, reserved 1114112K
  class space    used 5676K, committed 5952K, reserved 1048576K
}
Event: 4.695 GC heap after
{Heap after GC invocations=10 (full 0):
 garbage-first heap   total 81920K, used 28603K [0x0000000403000000, 0x0000000800000000)
  region size 8192K, 1 young (8192K), 1 survivors (8192K)
 Metaspace       used 42865K, committed 43520K, reserved 1114112K
  class space    used 5676K, committed 5952K, reserved 1048576K
}

