# JRE version: Java(TM) SE Runtime Environment (17.0.5+9) (build 17.0.5+9-LTS-191)
# Java VM: Java HotSpot(TM) 64-Bit Server VM (17.0.5+9-LTS-191, mixed mode, emulated-client, sharing, tiered, compressed oops, compressed class ptrs, g1 gc, windows-amd64)
GC Precious Log:
 CPUs: 32 total, 32 available
 Memory: 65343M
 Large Page Support: Disabled
 NUMA Support: Disabled
 Compressed Oops: Enabled (Zero based)
 Heap Region Size: 8M
 Heap Min Capacity: 8M
 Heap Initial Capacity: 1G
 Heap Max Capacity: 16336M
 Pre-touch: Disabled
 Parallel Workers: 23
 Concurrent Workers: 6
 Concurrent Refinement Workers: 23
 Periodic GC: Disabled
Heap:
 garbage-first heap   total 704512K, used 215962K [0x0000000403000000, 0x0000000800000000)
  region size 8192K, 24 young (196608K), 1 survivors (8192K)
 Metaspace       used 49340K, committed 50112K, reserved 1097728K
  class space    used 6660K, committed 7040K, reserved 1048576K
GC Heap History (20 events):
Event: 54.013 GC heap before
{Heap before GC invocations=147 (full 0):
 garbage-first heap   total 704512K, used 445254K [0x0000000403000000, 0x0000000800000000)
  region size 8192K, 51 young (417792K), 1 survivors (8192K)
 Metaspace       used 49310K, committed 50112K, reserved 1097728K
  class space    used 6652K, committed 7040K, reserved 1048576K
}
Event: 54.015 GC heap after
{Heap after GC invocations=148 (full 0):
 garbage-first heap   total 704512K, used 35756K [0x0000000403000000, 0x0000000800000000)
  region size 8192K, 1 young (8192K), 1 survivors (8192K)
 Metaspace       used 49310K, committed 50112K, reserved 1097728K
  class space    used 6652K, committed 7040K, reserved 1048576K
}
Event: 54.412 GC heap before
{Heap before GC invocations=148 (full 0):
 garbage-first heap   total 704512K, used 445356K [0x0000000403000000, 0x0000000800000000)
  region size 8192K, 51 young (417792K), 1 survivors (8192K)
 Metaspace       used 49310K, committed 50112K, reserved 1097728K
  class space    used 6652K, committed 7040K, reserved 1048576K
}
Event: 54.415 GC heap after
{Heap after GC invocations=149 (full 0):
 garbage-first heap   total 704512K, used 35672K [0x0000000403000000, 0x0000000800000000)
  region size 8192K, 1 young (8192K), 1 survivors (8192K)
 Metaspace       used 49310K, committed 50112K, reserved 1097728K
  class space    used 6652K, committed 7040K, reserved 1048576K
}
Event: 54.797 GC heap before
{Heap before GC invocations=149 (full 0):
 garbage-first heap   total 704512K, used 445272K [0x0000000403000000, 0x0000000800000000)
  region size 8192K, 51 young (417792K), 1 survivors (8192K)
 Metaspace       used 49310K, committed 50112K, reserved 1097728K
  class space    used 6652K, committed 7040K, reserved 1048576K
}
Event: 54.798 GC heap after
{Heap after GC invocations=150 (full 0):
 garbage-first heap   total 704512K, used 35638K [0x0000000403000000, 0x0000000800000000)
  region size 8192K, 1 young (8192K), 1 survivors (8192K)
 Metaspace       used 49310K, committed 50112K, reserved 1097728K
  class space    used 6652K, committed 7040K, reserved 1048576K
}
Event: 55.107 GC heap before
{Heap before GC invocations=150 (full 0):
 garbage-first heap   total 704512K, used 445238K [0x0000000403000000, 0x0000000800000000)
  region size 8192K, 51 young (417792K), 1 survivors (8192K)
 Metaspace       used 49310K, committed 50112K, reserved 1097728K
  class space    used 6652K, committed 7040K, reserved 1048576K
}
Event: 55.108 GC heap after
{Heap after GC invocations=151 (full 0):
 garbage-first heap   total 704512K, used 35644K [0x0000000403000000, 0x0000000800000000)
  region size 8192K, 1 young (8192K), 1 survivors (8192K)
 Metaspace       used 49310K, committed 50112K, reserved 1097728K
  class space    used 6652K, committed 7040K, reserved 1048576K
}
Event: 55.524 GC heap before
{Heap before GC invocations=151 (full 0):
 garbage-first heap   total 704512K, used 445244K [0x0000000403000000, 0x0000000800000000)
  region size 8192K, 51 young (417792K), 1 survivors (8192K)
 Metaspace       used 49310K, committed 50112K, reserved 1097728K
  class space    used 6652K, committed 7040K, reserved 1048576K
}
Event: 55.524 GC heap after
{Heap after GC invocations=152 (full 0):
 garbage-first heap   total 704512K, used 35708K [0x0000000403000000, 0x0000000800000000)
  region size 8192K, 1 young (8192K), 1 survivors (8192K)
 Metaspace       used 49310K, committed 50112K, reserved 1097728K
  class space    used 6652K, committed 7040K, reserved 1048576K
}
Event: 55.816 GC heap before
{Heap before GC invocations=152 (full 0):
 garbage-first heap   total 704512K, used 445308K [0x0000000403000000, 0x0000000800000000)
  region size 8192K, 51 young (417792K), 1 survivors (8192K)
 Metaspace       used 49310K, committed 50112K, reserved 1097728K
  class space    used 6652K, committed 7040K, reserved 1048576K
}
Event: 55.816 GC heap after
{Heap after GC invocations=153 (full 0):
 garbage-first heap   total 704512K, used 35687K [0x0000000403000000, 0x0000000800000000)
  region size 8192K, 1 young (8192K), 1 survivors (8192K)
 Metaspace       used 49310K, committed 50112K, reserved 1097728K
  class space    used 6652K, committed 7040K, reserved 1048576K
}
Event: 56.105 GC heap before
{Heap before GC invocations=153 (full 0):
 garbage-first heap   total 704512K, used 445287K [0x0000000403000000, 0x0000000800000000)
  region size 8192K, 51 young (417792K), 1 survivors (8192K)
 Metaspace       used 49310K, committed 50112K, reserved 1097728K
  class space    used 6652K, committed 7040K, reserved 1048576K
}
Event: 56.106 GC heap after
{Heap after GC invocations=154 (full 0):
 garbage-first heap   total 704512K, used 35700K [0x0000000403000000, 0x0000000800000000)
  region size 8192K, 1 young (8192K), 1 survivors (8192K)
 Metaspace       used 49310K, committed 50112K, reserved 1097728K
  class space    used 6652K, committed 7040K, reserved 1048576K
}
Event: 56.705 GC heap before
{Heap before GC invocations=154 (full 0):
 garbage-first heap   total 704512K, used 445300K [0x0000000403000000, 0x0000000800000000)
  region size 8192K, 51 young (417792K), 1 survivors (8192K)
 Metaspace       used 49310K, committed 50112K, reserved 1097728K
  class space    used 6652K, committed 7040K, reserved 1048576K
}
Event: 56.705 GC heap after
{Heap after GC invocations=155 (full 0):
 garbage-first heap   total 704512K, used 35766K [0x0000000403000000, 0x0000000800000000)
  region size 8192K, 1 young (8192K), 1 survivors (8192K)
 Metaspace       used 49310K, committed 50112K, reserved 1097728K
  class space    used 6652K, committed 7040K, reserved 1048576K
}
Event: 56.997 GC heap before
{Heap before GC invocations=155 (full 0):
 garbage-first heap   total 704512K, used 445366K [0x0000000403000000, 0x0000000800000000)
  region size 8192K, 51 young (417792K), 1 survivors (8192K)
 Metaspace       used 49310K, committed 50112K, reserved 1097728K
  class space    used 6652K, committed 7040K, reserved 1048576K
}
Event: 56.997 GC heap after
{Heap after GC invocations=156 (full 0):
 garbage-first heap   total 704512K, used 35770K [0x0000000403000000, 0x0000000800000000)
  region size 8192K, 1 young (8192K), 1 survivors (8192K)
 Metaspace       used 49310K, committed 50112K, reserved 1097728K
  class space    used 6652K, committed 7040K, reserved 1048576K
}
Event: 57.513 GC heap before
{Heap before GC invocations=156 (full 0):
 garbage-first heap   total 704512K, used 445370K [0x0000000403000000, 0x0000000800000000)
  region size 8192K, 51 young (417792K), 1 survivors (8192K)
 Metaspace       used 49310K, committed 50112K, reserved 1097728K
  class space    used 6652K, committed 7040K, reserved 1048576K
}
Event: 57.514 GC heap after
{Heap after GC invocations=157 (full 0):
 garbage-first heap   total 704512K, used 35738K [0x0000000403000000, 0x0000000800000000)
  region size 8192K, 1 young (8192K), 1 survivors (8192K)
 Metaspace       used 49310K, committed 50112K, reserved 1097728K
  class space    used 6652K, committed 7040K, reserved 1048576K
}

