# JRE version: Java(TM) SE Runtime Environment (21.0.1+12) (build 21.0.1+12-LTS-29)
# Java VM: Java HotSpot(TM) 64-Bit Server VM (21.0.1+12-LTS-29, mixed mode, emulated-client, sharing, tiered, compressed oops, compressed class ptrs, g1 gc, windows-amd64)
GC Precious Log:
 CardTable entry size: 512
 Card Set container configuration: InlinePtr #cards 4 size 8 Array Of Cards #cards 64 size 144 Howl #buckets 8 coarsen threshold 14745 Howl Bitmap #cards 2048 size 272 coarsen threshold 1843 Card regions per heap region 1 cards per card region 16384
 CPUs: 32 total, 32 available
 Memory: 65343M
 Large Page Support: Disabled
 NUMA Support: Disabled
 Compressed Oops: Enabled (Zero based)
 Heap Region Size: 8M
 Heap Min Capacity: 8M
 Heap Initial Capacity: 1G
 Heap Max Capacity: 16336M
 Pre-touch: Disabled
 Parallel Workers: 23
 Concurrent Workers: 6
 Concurrent Refinement Workers: 23
 Periodic GC: Disabled
Heap:
 garbage-first heap   total 573440K, used 166350K [0x0000000403000000, 0x0000000800000000)
  region size 8192K, 18 young (147456K), 1 survivors (8192K)
 Metaspace       used 50436K, committed 51328K, reserved 1114112K
  class space    used 6652K, committed 7040K, reserved 1048576K
GC Heap History (20 events):
Event: 1.148 GC heap before
{Heap before GC invocations=5 (full 0):
 garbage-first heap   total 81920K, used 52306K [0x0000000403000000, 0x0000000800000000)
  region size 8192K, 6 young (49152K), 1 survivors (8192K)
 Metaspace       used 23525K, committed 24000K, reserved 1114112K
  class space    used 3177K, committed 3392K, reserved 1048576K
}
Event: 1.150 GC heap after
{Heap after GC invocations=6 (full 0):
 garbage-first heap   total 81920K, used 14272K [0x0000000403000000, 0x0000000800000000)
  region size 8192K, 1 young (8192K), 1 survivors (8192K)
 Metaspace       used 23525K, committed 24000K, reserved 1114112K
  class space    used 3177K, committed 3392K, reserved 1048576K
}
Event: 1.504 GC heap before
{Heap before GC invocations=6 (full 0):
 garbage-first heap   total 81920K, used 55232K [0x0000000403000000, 0x0000000800000000)
  region size 8192K, 6 young (49152K), 1 survivors (8192K)
 Metaspace       used 30539K, committed 31104K, reserved 1114112K
  class space    used 4140K, committed 4416K, reserved 1048576K
}
Event: 1.507 GC heap after
{Heap after GC invocations=7 (full 0):
 garbage-first heap   total 81920K, used 17411K [0x0000000403000000, 0x0000000800000000)
  region size 8192K, 1 young (8192K), 1 survivors (8192K)
 Metaspace       used 30539K, committed 31104K, reserved 1114112K
  class space    used 4140K, committed 4416K, reserved 1048576K
}
Event: 1.925 GC heap before
{Heap before GC invocations=7 (full 0):
 garbage-first heap   total 81920K, used 50179K [0x0000000403000000, 0x0000000800000000)
  region size 8192K, 6 young (49152K), 1 survivors (8192K)
 Metaspace       used 35630K, committed 36160K, reserved 1114112K
  class space    used 4683K, committed 4928K, reserved 1048576K
}
Event: 1.929 GC heap after
{Heap after GC invocations=8 (full 0):
 garbage-first heap   total 81920K, used 21867K [0x0000000403000000, 0x0000000800000000)
  region size 8192K, 1 young (8192K), 1 survivors (8192K)
 Metaspace       used 35630K, committed 36160K, reserved 1114112K
  class space    used 4683K, committed 4928K, reserved 1048576K
}
Event: 2.334 GC heap before
{Heap before GC invocations=9 (full 0):
 garbage-first heap   total 81920K, used 62827K [0x0000000403000000, 0x0000000800000000)
  region size 8192K, 6 young (49152K), 1 survivors (8192K)
 Metaspace       used 41841K, committed 42560K, reserved 1114112K
  class space    used 5527K, committed 5888K, reserved 1048576K
}
Event: 2.338 GC heap after
{Heap after GC invocations=10 (full 0):
 garbage-first heap   total 81920K, used 26175K [0x0000000403000000, 0x0000000800000000)
  region size 8192K, 1 young (8192K), 1 survivors (8192K)
 Metaspace       used 41841K, committed 42560K, reserved 1114112K
  class space    used 5527K, committed 5888K, reserved 1048576K
}
Event: 2.572 GC heap before
{Heap before GC invocations=10 (full 0):
 garbage-first heap   total 81920K, used 58943K [0x0000000403000000, 0x0000000800000000)
  region size 8192K, 5 young (40960K), 1 survivors (8192K)
 Metaspace       used 45164K, committed 45888K, reserved 1114112K
  class space    used 6003K, committed 6336K, reserved 1048576K
}
Event: 2.575 GC heap after
{Heap after GC invocations=11 (full 0):
 garbage-first heap   total 81920K, used 29231K [0x0000000403000000, 0x0000000800000000)
  region size 8192K, 1 young (8192K), 1 survivors (8192K)
 Metaspace       used 45164K, committed 45888K, reserved 1114112K
  class space    used 6003K, committed 6336K, reserved 1048576K
}
Event: 3.089 GC heap before
{Heap before GC invocations=11 (full 0):
 garbage-first heap   total 81920K, used 53807K [0x0000000403000000, 0x0000000800000000)
  region size 8192K, 4 young (32768K), 1 survivors (8192K)
 Metaspace       used 49921K, committed 50880K, reserved 1114112K
  class space    used 6566K, committed 6976K, reserved 1048576K
}
Event: 3.091 GC heap after
{Heap after GC invocations=12 (full 0):
 garbage-first heap   total 81920K, used 32992K [0x0000000403000000, 0x0000000800000000)
  region size 8192K, 1 young (8192K), 1 survivors (8192K)
 Metaspace       used 49921K, committed 50880K, reserved 1114112K
  class space    used 6566K, committed 6976K, reserved 1048576K
}
Event: 3.178 GC heap before
{Heap before GC invocations=12 (full 0):
 garbage-first heap   total 81920K, used 57568K [0x0000000403000000, 0x0000000800000000)
  region size 8192K, 4 young (32768K), 1 survivors (8192K)
 Metaspace       used 50284K, committed 51264K, reserved 1114112K
  class space    used 6616K, committed 7040K, reserved 1048576K
}
Event: 3.179 GC heap after
{Heap after GC invocations=13 (full 0):
 garbage-first heap   total 81920K, used 34867K [0x0000000403000000, 0x0000000800000000)
  region size 8192K, 1 young (8192K), 1 survivors (8192K)
 Metaspace       used 50284K, committed 51264K, reserved 1114112K
  class space    used 6616K, committed 7040K, reserved 1048576K
}
Event: 3.261 GC heap before
{Heap before GC invocations=13 (full 0):
 garbage-first heap   total 81920K, used 59443K [0x0000000403000000, 0x0000000800000000)
  region size 8192K, 4 young (32768K), 1 survivors (8192K)
 Metaspace       used 50356K, committed 51328K, reserved 1114112K
  class space    used 6629K, committed 7040K, reserved 1048576K
}
Event: 3.262 GC heap after
{Heap after GC invocations=14 (full 0):
 garbage-first heap   total 81920K, used 35753K [0x0000000403000000, 0x0000000800000000)
  region size 8192K, 1 young (8192K), 1 survivors (8192K)
 Metaspace       used 50356K, committed 51328K, reserved 1114112K
  class space    used 6629K, committed 7040K, reserved 1048576K
}
Event: 3.348 GC heap before
{Heap before GC invocations=14 (full 0):
 garbage-first heap   total 81920K, used 60329K [0x0000000403000000, 0x0000000800000000)
  region size 8192K, 4 young (32768K), 1 survivors (8192K)
 Metaspace       used 50361K, committed 51328K, reserved 1114112K
  class space    used 6630K, committed 7040K, reserved 1048576K
}
Event: 3.349 GC heap after
{Heap after GC invocations=15 (full 0):
 garbage-first heap   total 81920K, used 35385K [0x0000000403000000, 0x0000000800000000)
  region size 8192K, 1 young (8192K), 1 survivors (8192K)
 Metaspace       used 50361K, committed 51328K, reserved 1114112K
  class space    used 6630K, committed 7040K, reserved 1048576K
}
Event: 3.439 GC heap before
{Heap before GC invocations=16 (full 0):
 garbage-first heap   total 98304K, used 59961K [0x0000000403000000, 0x0000000800000000)
  region size 8192K, 4 young (32768K), 1 survivors (8192K)
 Metaspace       used 50371K, committed 51328K, reserved 1114112K
  class space    used 6633K, committed 7040K, reserved 1048576K
}
Event: 3.441 GC heap after
{Heap after GC invocations=17 (full 0):
 garbage-first heap   total 573440K, used 35278K [0x0000000403000000, 0x0000000800000000)
  region size 8192K, 1 young (8192K), 1 survivors (8192K)
 Metaspace       used 50371K, committed 51328K, reserved 1114112K
  class space    used 6633K, committed 7040K, reserved 1048576K
}

